
20230918	13:45:13	fbfdee70-0c97-4fec-98fb-d1c55bbfc74c	undefined: ESERVFAIL	querySrv	_mongodb._tcp.cluster0.jqwdofb.mongodb.net
20230918	13:48:20	d92592e1-29e5-4c08-bab8-580e0bf1a4bb	undefined: ESERVFAIL	querySrv	_mongodb._tcp.cluster0.jqwdofb.mongodb.net
20230918	13:57:55	bbc61852-fb47-43bc-bef5-d636dc75ee83	undefined: ESERVFAIL	querySrv	_mongodb._tcp.cluster0.jqwdofb.mongodb.net
20231120	07:35:22	2ad5572a-9308-4821-b3ca-7a585fa560c4	undefined: undefined	undefined	undefined
20231121	07:33:37	0c4a92da-60c4-4f56-9bb3-8385b2e48c9c	undefined: EREFUSED	querySrv	_mongodb._tcp.science.naewf1j.mongodb.net
20231121	13:05:20	754528bd-62d7-4fed-9146-9d3511f61ccb	undefined: EREFUSED	querySrv	_mongodb._tcp.science.naewf1j.mongodb.net
20231121	13:06:11	ce4ad8d7-2692-4586-90c9-b4545099018c	undefined: EREFUSED	querySrv	_mongodb._tcp.science.naewf1j.mongodb.net
20231127	22:17:45	b144be2a-5ee0-4d05-b309-0b6c3f437aac	undefined: undefined	undefined	undefined
20231130	08:10:40	6ec5efe0-a79b-455a-9b93-712b556962eb	undefined: undefined	undefined	undefined
20231204	12:47:24	b72de54a-9f0d-4d55-9acf-d6f92155943a	undefined: ESERVFAIL	querySrv	_mongodb._tcp.science.naewf1j.mongodb.net
20231204	14:28:21	3b9b2c21-edbd-4a95-9c5e-45a43eddb64d	undefined: EREFUSED	querySrv	_mongodb._tcp.science.naewf1j.mongodb.net
20231205	13:02:21	899b236b-8aaf-4fc1-823d-07f89efc954b	undefined: ESERVFAIL	querySrv	_mongodb._tcp.science.naewf1j.mongodb.net
20231207	12:50:35	df44165d-33ea-41f9-9541-22e20352c5bb	undefined: ESERVFAIL	querySrv	_mongodb._tcp.science.naewf1j.mongodb.net
20240117	17:54:51	8998a201-4948-4af2-81cf-d8e6c1be9b18	undefined: undefined	undefined	undefined
20240117	17:57:09	88452730-9b31-4e87-837d-7a093b1c6818	undefined: undefined	undefined	undefined
20240117	17:58:45	e9a24a52-fead-4e04-ad0a-2d5046f432c2	undefined: undefined	undefined	undefined
20240126	18:51:55	1e0d4940-fae9-4e0a-8637-957e5e1827ed	undefined: ESERVFAIL	querySrv	_mongodb._tcp.science.naewf1j.mongodb.net
20240130	12:10:44	59a0c735-f031-47de-8d3a-8d42c9443716	undefined: EREFUSED	querySrv	_mongodb._tcp.science.naewf1j.mongodb.net
20240209	17:42:23	fc2d9a53-7180-4dad-8475-6e3c779eef90	undefined: ESERVFAIL	querySrv	_mongodb._tcp.science.naewf1j.mongodb.net
20240225	18:16:24	7f93f8f3-2ffb-4d3f-811a-4cfd8a51c722	undefined: undefined	undefined	undefined
20240316	09:31:02	b0d446ed-1671-4c10-93ff-de5d849d6c59	undefined: undefined	undefined	undefined
20240316	09:44:57	fb87daee-71b4-4ac1-ae9e-391a8c66ddb1	undefined: ESERVFAIL	querySrv	_mongodb._tcp.science.naewf1j.mongodb.net
20240319	08:00:34	30db906b-d230-4544-a3ac-fdde807533c8	undefined: EREFUSED	querySrv	_mongodb._tcp.science.naewf1j.mongodb.net
20240411	16:04:09	52bdcf57-b061-4ee1-962e-b86f407aebf5	undefined: ESERVFAIL	querySrv	_mongodb._tcp.science.naewf1j.mongodb.net
20240423	10:02:12	581ee333-dc98-4c94-90d9-d48f39415dbf	undefined: ESERVFAIL	querySrv	_mongodb._tcp.science.naewf1j.mongodb.net
20240521	09:13:28	12c0cd8f-710c-4142-bde9-2d4ffa83abdd	undefined: ESERVFAIL	querySrv	_mongodb._tcp.science.naewf1j.mongodb.net
20240521	09:14:43	1caa4154-c00a-4d52-9a04-0e722a3a75d9	undefined: ESERVFAIL	querySrv	_mongodb._tcp.science.naewf1j.mongodb.net
20240521	09:15:22	6f24367e-0180-4b85-b2e9-f32386ab36e9	undefined: ESERVFAIL	querySrv	_mongodb._tcp.science.naewf1j.mongodb.net
20240530	10:31:33	ad746a07-5237-4863-868b-e67e273ae9e1	undefined: ESERVFAIL	querySrv	_mongodb._tcp.science.naewf1j.mongodb.net
20240604	16:00:55	e8e7d40a-c31c-4551-a34a-03c3e8e0c3fc	undefined: ESERVFAIL	querySrv	_mongodb._tcp.science.naewf1j.mongodb.net
20240610	13:16:21	a923e47d-06c1-4ed1-acf7-8ca6116602c6	undefined: undefined	undefined	undefined
20240610	13:18:58	521b95f9-2a38-4918-9fea-0fed593bb027	undefined: undefined	undefined	undefined
20240610	17:15:35	7477bc14-999c-4328-8e96-65ae899425ad	undefined: undefined	undefined	undefined
20240610	17:39:42	ffa2b02c-0021-406e-b8ba-32b130167f90	undefined: undefined	undefined	undefined
20240610	17:42:51	a0a1ed59-9aeb-4b64-9421-c4b65de46fd4	undefined: undefined	undefined	undefined
20240610	17:47:15	baa9b668-fdf1-4af6-9819-2a76fed819c4	undefined: undefined	undefined	undefined
20240610	17:52:33	58bbec97-e5ed-46f9-9abc-3a625cb6b17b	undefined: ESERVFAIL	querySrv	_mongodb._tcp.science.naewf1j.mongodb.net
20240610	17:55:09	68ca00a0-c6b3-4bd9-8372-e43c4945eafd	undefined: ESERVFAIL	querySrv	_mongodb._tcp.science.naewf1j.mongodb.net
20240615	20:09:44	9fc331b8-9ebb-4e7b-8283-dc32d3ae7d9f	undefined: undefined	undefined	undefined
20240617	15:16:43	7a22c9e7-4d4a-4a0b-8591-10ed17b2a11c	undefined: ESERVFAIL	querySrv	_mongodb._tcp.science.naewf1j.mongodb.net
20240628	14:54:28	f75b79e6-305f-4574-aea9-f8bb3f1faa40	undefined: ESERVFAIL	querySrv	_mongodb._tcp.science.naewf1j.mongodb.net
20240629	07:38:49	06a7e386-391c-4530-8fd2-d02928bccc56	undefined: ESERVFAIL	querySrv	_mongodb._tcp.science.naewf1j.mongodb.net
20240629	07:46:04	406246e5-174e-44b4-8e15-d50472778997	undefined: undefined	undefined	undefined
20240629	08:34:18	cf069b4b-3216-4b9c-b91f-d0aa1400adcd	undefined: undefined	undefined	undefined
20240629	08:34:59	ecd55ffd-efab-4aba-a3fd-e6c5dc0698e5	undefined: undefined	undefined	undefined
20240629	08:36:03	66b485b8-a529-453b-be31-0aa6582906a5	undefined: undefined	undefined	undefined
20240629	09:15:22	033c43f5-5c82-4447-9f69-b0b937778ffa	undefined: undefined	undefined	undefined
20240629	09:24:40	02833499-77e2-4a0a-b423-006d1ec989ea	undefined: undefined	undefined	undefined
20240706	08:27:58	2478b493-79e8-4dbb-8823-9916eed6857e	undefined: ESERVFAIL	querySrv	_mongodb._tcp.science.naewf1j.mongodb.net
20240706	08:30:32	09d83fd4-e345-4449-bad3-7d3626903381	undefined: ESERVFAIL	querySrv	_mongodb._tcp.science.naewf1j.mongodb.net
20240708	14:24:31	0b787d91-96d9-490d-b177-d8294b43cc01	undefined: ESERVFAIL	querySrv	_mongodb._tcp.science.naewf1j.mongodb.net
20240730	15:32:17	15ad792e-50bc-4a7a-b19b-21088b6875c2	undefined: ESERVFAIL	querySrv	_mongodb._tcp.science.naewf1j.mongodb.net
20240814	17:50:12	b7c94c1c-2300-42aa-9cc8-7e633d5da58b	undefined: ESERVFAIL	querySrv	_mongodb._tcp.science.naewf1j.mongodb.net
